Determining if the pthread_create exist failed with the following output:
Change Dir: /home/jrv/Desktop/SocialBot/SocialBot/build/ros_package_template/CMakeFiles/CMakeTmp

Run Build Command:"/usr/bin/make" "cmTC_e0c24/fast"
/usr/bin/make -f CMakeFiles/cmTC_e0c24.dir/build.make CMakeFiles/cmTC_e0c24.dir/build
make[1]: Entering directory '/home/jrv/Desktop/SocialBot/SocialBot/build/ros_package_template/CMakeFiles/CMakeTmp'
Building C object CMakeFiles/cmTC_e0c24.dir/CheckSymbolExists.c.o
/usr/bin/cc     -o CMakeFiles/cmTC_e0c24.dir/CheckSymbolExists.c.o   -c /home/jrv/Desktop/SocialBot/SocialBot/build/ros_package_template/CMakeFiles/CMakeTmp/CheckSymbolExists.c
Linking C executable cmTC_e0c24
/usr/bin/cmake -E cmake_link_script CMakeFiles/cmTC_e0c24.dir/link.txt --verbose=1
/usr/bin/cc       CMakeFiles/cmTC_e0c24.dir/CheckSymbolExists.c.o  -o cmTC_e0c24 -rdynamic 
CMakeFiles/cmTC_e0c24.dir/CheckSymbolExists.c.o: In function `main':
CheckSymbolExists.c:(.text+0x16): undefined reference to `pthread_create'
collect2: error: ld returned 1 exit status
CMakeFiles/cmTC_e0c24.dir/build.make:97: recipe for target 'cmTC_e0c24' failed
make[1]: *** [cmTC_e0c24] Error 1
make[1]: Leaving directory '/home/jrv/Desktop/SocialBot/SocialBot/build/ros_package_template/CMakeFiles/CMakeTmp'
Makefile:126: recipe for target 'cmTC_e0c24/fast' failed
make: *** [cmTC_e0c24/fast] Error 2

File /home/jrv/Desktop/SocialBot/SocialBot/build/ros_package_template/CMakeFiles/CMakeTmp/CheckSymbolExists.c:
/* */
#include <pthread.h>

int main(int argc, char** argv)
{
  (void)argv;
#ifndef pthread_create
  return ((int*)(&pthread_create))[argc];
#else
  (void)argc;
  return 0;
#endif
}

Determining if the function pthread_create exists in the pthreads failed with the following output:
Change Dir: /home/jrv/Desktop/SocialBot/SocialBot/build/ros_package_template/CMakeFiles/CMakeTmp

Run Build Command:"/usr/bin/make" "cmTC_224ef/fast"
/usr/bin/make -f CMakeFiles/cmTC_224ef.dir/build.make CMakeFiles/cmTC_224ef.dir/build
make[1]: Entering directory '/home/jrv/Desktop/SocialBot/SocialBot/build/ros_package_template/CMakeFiles/CMakeTmp'
Building C object CMakeFiles/cmTC_224ef.dir/CheckFunctionExists.c.o
/usr/bin/cc    -DCHECK_FUNCTION_EXISTS=pthread_create   -o CMakeFiles/cmTC_224ef.dir/CheckFunctionExists.c.o   -c /usr/share/cmake-3.5/Modules/CheckFunctionExists.c
Linking C executable cmTC_224ef
/usr/bin/cmake -E cmake_link_script CMakeFiles/cmTC_224ef.dir/link.txt --verbose=1
/usr/bin/cc   -DCHECK_FUNCTION_EXISTS=pthread_create    CMakeFiles/cmTC_224ef.dir/CheckFunctionExists.c.o  -o cmTC_224ef -rdynamic -lpthreads 
/usr/bin/ld: cannot find -lpthreads
collect2: error: ld returned 1 exit status
CMakeFiles/cmTC_224ef.dir/build.make:97: recipe for target 'cmTC_224ef' failed
make[1]: *** [cmTC_224ef] Error 1
make[1]: Leaving directory '/home/jrv/Desktop/SocialBot/SocialBot/build/ros_package_template/CMakeFiles/CMakeTmp'
Makefile:126: recipe for target 'cmTC_224ef/fast' failed
make: *** [cmTC_224ef/fast] Error 2


